<?xml version="1.0" ?>
<!DOCTYPE coverage
  SYSTEM 'http://cobertura.sourceforge.net/xml/coverage-04.dtd'>
<coverage branch-rate="0.0" branches-covered="0" branches-valid="0" complexity="0" line-rate="0.7411167512690355" lines-covered="292" lines-valid="394" timestamp="1782990217" version="2.0.3">
	<sources>
		<source>.</source>
	</sources>
	<packages>
		<package line-rate="0.9870967741935484" branch-rate="0.0" name="contracts" complexity="0">
			<classes>
				<class branch-rate="0.0" complexity="0" filename="contracts/AccessControlAccount.sol" line-rate="1.0" name="contracts.AccessControlAccount.sol">
					<methods/>
					<lines>
						<line branch="false" hits="1" number="24"/>
						<line branch="false" hits="1" number="28"/>
						<line branch="false" hits="1" number="30"/>
						<line branch="false" hits="1" number="31"/>
						<line branch="false" hits="1" number="32"/>
						<line branch="false" hits="1" number="33"/>
						<line branch="false" hits="1" number="34"/>
						<line branch="false" hits="1" number="40"/>
						<line branch="false" hits="1" number="41"/>
						<line branch="false" hits="1" number="51"/>
						<line branch="false" hits="1" number="52"/>
						<line branch="false" hits="1" number="63"/>
						<line branch="false" hits="1" number="64"/>
						<line branch="false" hits="1" number="65"/>
						<line branch="false" hits="1" number="66"/>
						<line branch="false" hits="1" number="67"/>
						<line branch="false" hits="1" number="70"/>
						<line branch="false" hits="1" number="71"/>
						<line branch="false" hits="1" number="81"/>
						<line branch="false" hits="1" number="82"/>
						<line branch="false" hits="1" number="83"/>
						<line branch="false" hits="1" number="84"/>
						<line branch="false" hits="1" number="91"/>
						<line branch="false" hits="1" number="98"/>
						<line branch="false" hits="1" number="107"/>
					</lines>
				</class>
				<class branch-rate="0.0" complexity="0" filename="contracts/UnifiedForwarderAccount.sol" line-rate="1.0" name="contracts.UnifiedForwarderAccount.sol">
					<methods/>
					<lines>
						<line branch="false" hits="1" number="53"/>
						<line branch="false" hits="1" number="54"/>
						<line branch="false" hits="1" number="55"/>
						<line branch="false" hits="1" number="56"/>
						<line branch="false" hits="1" number="57"/>
						<line branch="false" hits="1" number="58"/>
						<line branch="false" hits="1" number="63"/>
						<line branch="false" hits="1" number="68"/>
						<line branch="false" hits="1" number="69"/>
						<line branch="false" hits="1" number="70"/>
						<line branch="false" hits="1" number="74"/>
						<line branch="false" hits="1" number="75"/>
						<line branch="false" hits="1" number="76"/>
						<line branch="false" hits="1" number="81"/>
						<line branch="false" hits="1" number="89"/>
						<line branch="false" hits="1" number="93"/>
						<line branch="false" hits="1" number="94"/>
						<line branch="false" hits="1" number="95"/>
						<line branch="false" hits="1" number="99"/>
						<line branch="false" hits="1" number="100"/>
						<line branch="false" hits="1" number="101"/>
						<line branch="false" hits="1" number="102"/>
						<line branch="false" hits="1" number="103"/>
						<line branch="false" hits="1" number="108"/>
						<line branch="false" hits="1" number="109"/>
						<line branch="false" hits="1" number="110"/>
						<line branch="false" hits="1" number="111"/>
						<line branch="false" hits="1" number="112"/>
						<line branch="false" hits="1" number="125"/>
						<line branch="false" hits="1" number="126"/>
						<line branch="false" hits="1" number="128"/>
						<line branch="false" hits="1" number="131"/>
						<line branch="false" hits="1" number="132"/>
						<line branch="false" hits="1" number="135"/>
						<line branch="false" hits="1" number="144"/>
						<line branch="false" hits="1" number="150"/>
						<line branch="false" hits="1" number="151"/>
						<line branch="false" hits="1" number="152"/>
						<line branch="false" hits="1" number="153"/>
						<line branch="false" hits="1" number="154"/>
						<line branch="false" hits="1" number="155"/>
						<line branch="false" hits="1" number="156"/>
						<line branch="false" hits="1" number="157"/>
						<line branch="false" hits="1" number="158"/>
						<line branch="false" hits="1" number="159"/>
						<line branch="false" hits="1" number="160"/>
						<line branch="false" hits="1" number="161"/>
						<line branch="false" hits="1" number="162"/>
					</lines>
				</class>
				<class branch-rate="0.0" complexity="0" filename="contracts/AccessManagerAccount.sol" line-rate="1.0" name="contracts.AccessManagerAccount.sol">
					<methods/>
					<lines>
						<line branch="false" hits="1" number="27"/>
						<line branch="false" hits="1" number="31"/>
						<line branch="false" hits="1" number="33"/>
						<line branch="false" hits="1" number="34"/>
						<line branch="false" hits="1" number="44"/>
						<line branch="false" hits="1" number="45"/>
						<line branch="false" hits="1" number="50"/>
						<line branch="false" hits="1" number="54"/>
						<line branch="false" hits="1" number="55"/>
						<line branch="false" hits="1" number="56"/>
						<line branch="false" hits="1" number="57"/>
						<line branch="false" hits="1" number="58"/>
						<line branch="false" hits="1" number="59"/>
						<line branch="false" hits="1" number="60"/>
						<line branch="false" hits="1" number="61"/>
						<line branch="false" hits="1" number="70"/>
						<line branch="false" hits="1" number="71"/>
						<line branch="false" hits="1" number="72"/>
						<line branch="false" hits="1" number="75"/>
						<line branch="false" hits="1" number="76"/>
						<line branch="false" hits="1" number="77"/>
						<line branch="false" hits="1" number="79"/>
						<line branch="false" hits="1" number="81"/>
						<line branch="false" hits="1" number="88"/>
						<line branch="false" hits="1" number="95"/>
						<line branch="false" hits="1" number="103"/>
						<line branch="false" hits="1" number="104"/>
						<line branch="false" hits="1" number="105"/>
						<line branch="false" hits="1" number="106"/>
						<line branch="false" hits="1" number="111"/>
						<line branch="false" hits="1" number="112"/>
						<line branch="false" hits="1" number="113"/>
						<line branch="false" hits="1" number="116"/>
						<line branch="false" hits="1" number="124"/>
						<line branch="false" hits="1" number="125"/>
					</lines>
				</class>
				<class branch-rate="0.0" complexity="0" filename="contracts/ERC2771ForwarderAccount.sol" line-rate="0.9574468085106383" name="contracts.ERC2771ForwarderAccount.sol">
					<methods/>
					<lines>
						<line branch="false" hits="1" number="45"/>
						<line branch="false" hits="1" number="46"/>
						<line branch="false" hits="1" number="50"/>
						<line branch="false" hits="1" number="51"/>
						<line branch="false" hits="1" number="53"/>
						<line branch="false" hits="1" number="54"/>
						<line branch="false" hits="1" number="55"/>
						<line branch="false" hits="1" number="56"/>
						<line branch="false" hits="1" number="58"/>
						<line branch="false" hits="1" number="59"/>
						<line branch="false" hits="1" number="72"/>
						<line branch="false" hits="1" number="75"/>
						<line branch="false" hits="1" number="79"/>
						<line branch="false" hits="1" number="83"/>
						<line branch="false" hits="1" number="84"/>
						<line branch="false" hits="1" number="97"/>
						<line branch="false" hits="1" number="98"/>
						<line branch="false" hits="1" number="99"/>
						<line branch="false" hits="0" number="100"/>
						<line branch="false" hits="1" number="102"/>
						<line branch="false" hits="1" number="103"/>
						<line branch="false" hits="1" number="104"/>
						<line branch="false" hits="1" number="105"/>
						<line branch="false" hits="1" number="106"/>
						<line branch="false" hits="0" number="107"/>
						<line branch="false" hits="1" number="112"/>
						<line branch="false" hits="1" number="113"/>
						<line branch="false" hits="1" number="122"/>
						<line branch="false" hits="1" number="123"/>
						<line branch="false" hits="1" number="124"/>
						<line branch="false" hits="1" number="132"/>
						<line branch="false" hits="1" number="133"/>
						<line branch="false" hits="1" number="134"/>
						<line branch="false" hits="1" number="142"/>
						<line branch="false" hits="1" number="143"/>
						<line branch="false" hits="1" number="144"/>
						<line branch="false" hits="1" number="145"/>
						<line branch="false" hits="1" number="147"/>
						<line branch="false" hits="1" number="162"/>
						<line branch="false" hits="1" number="164"/>
						<line branch="false" hits="1" number="166"/>
						<line branch="false" hits="1" number="181"/>
						<line branch="false" hits="1" number="182"/>
						<line branch="false" hits="1" number="189"/>
						<line branch="false" hits="1" number="196"/>
						<line branch="false" hits="1" number="205"/>
						<line branch="false" hits="1" number="210"/>
					</lines>
				</class>
			</classes>
		</package>
		<package line-rate="0.8888888888888888" branch-rate="0.0" name="contracts.mock" complexity="0">
			<classes>
				<class branch-rate="0.0" complexity="0" filename="contracts/mock/ERC2771Probe.sol" line-rate="1.0" name="contracts.mock.ERC2771Probe.sol">
					<methods/>
					<lines>
						<line branch="false" hits="1" number="14"/>
					</lines>
				</class>
				<class branch-rate="0.0" complexity="0" filename="contracts/mock/MockWorkload.sol" line-rate="1.0" name="contracts.mock.MockWorkload.sol">
					<methods/>
					<lines>
						<line branch="false" hits="1" number="27"/>
						<line branch="false" hits="1" number="28"/>
						<line branch="false" hits="1" number="29"/>
						<line branch="false" hits="1" number="30"/>
						<line branch="false" hits="1" number="31"/>
						<line branch="false" hits="1" number="32"/>
						<line branch="false" hits="1" number="33"/>
						<line branch="false" hits="1" number="35"/>
						<line branch="false" hits="1" number="36"/>
						<line branch="false" hits="1" number="40"/>
						<line branch="false" hits="1" number="41"/>
					</lines>
				</class>
				<class branch-rate="0.0" complexity="0" filename="contracts/mock/ERC20With2771.sol" line-rate="0.6666666666666666" name="contracts.mock.ERC20With2771.sol">
					<methods/>
					<lines>
						<line branch="false" hits="1" number="18"/>
						<line branch="false" hits="1" number="19"/>
						<line branch="false" hits="0" number="23"/>
						<line branch="false" hits="1" number="28"/>
						<line branch="false" hits="1" number="33"/>
						<line branch="false" hits="0" number="38"/>
					</lines>
				</class>
			</classes>
		</package>
		<package line-rate="0.5565610859728507" branch-rate="0.0" name="contracts.dependencies" complexity="0">
			<classes>
				<class branch-rate="0.0" complexity="0" filename="contracts/dependencies/FrozenTime.sol" line-rate="0.5263157894736842" name="contracts.dependencies.FrozenTime.sol">
					<methods/>
					<lines>
						<line branch="false" hits="1" number="28"/>
						<line branch="false" hits="0" number="35"/>
						<line branch="false" hits="1" number="62"/>
						<line branch="false" hits="0" number="68"/>
						<line branch="false" hits="1" number="76"/>
						<line branch="false" hits="1" number="77"/>
						<line branch="false" hits="1" number="85"/>
						<line branch="false" hits="0" number="92"/>
						<line branch="false" hits="0" number="93"/>
						<line branch="false" hits="0" number="106"/>
						<line branch="false" hits="0" number="107"/>
						<line branch="false" hits="0" number="108"/>
						<line branch="false" hits="0" number="109"/>
						<line branch="false" hits="1" number="116"/>
						<line branch="false" hits="1" number="118"/>
						<line branch="false" hits="1" number="119"/>
						<line branch="false" hits="1" number="120"/>
						<line branch="false" hits="1" number="122"/>
						<line branch="false" hits="0" number="129"/>
					</lines>
				</class>
				<class branch-rate="0.0" complexity="0" filename="contracts/dependencies/AccessManager.sol" line-rate="0.5594059405940595" name="contracts.dependencies.AccessManager.sol">
					<methods/>
					<lines>
						<line branch="false" hits="1" number="127"/>
						<line branch="false" hits="1" number="128"/>
						<line branch="false" hits="1" number="131"/>
						<line branch="false" hits="1" number="132"/>
						<line branch="false" hits="1" number="133"/>
						<line branch="false" hits="1" number="134"/>
						<line branch="false" hits="1" number="137"/>
						<line branch="false" hits="1" number="138"/>
						<line branch="false" hits="0" number="139"/>
						<line branch="false" hits="1" number="143"/>
						<line branch="false" hits="1" number="153"/>
						<line branch="false" hits="0" number="154"/>
						<line branch="false" hits="1" number="155"/>
						<line branch="false" hits="0" number="158"/>
						<line branch="false" hits="1" number="160"/>
						<line branch="false" hits="1" number="161"/>
						<line branch="false" hits="1" number="162"/>
						<line branch="false" hits="1" number="168"/>
						<line branch="false" hits="0" number="173"/>
						<line branch="false" hits="1" number="178"/>
						<line branch="false" hits="1" number="183"/>
						<line branch="false" hits="1" number="188"/>
						<line branch="false" hits="1" number="193"/>
						<line branch="false" hits="0" number="198"/>
						<line branch="false" hits="1" number="203"/>
						<line branch="false" hits="1" number="211"/>
						<line branch="false" hits="1" number="213"/>
						<line branch="false" hits="1" number="214"/>
						<line branch="false" hits="1" number="215"/>
						<line branch="false" hits="1" number="217"/>
						<line branch="false" hits="1" number="220"/>
						<line branch="false" hits="1" number="228"/>
						<line branch="false" hits="0" number="229"/>
						<line branch="false" hits="1" number="231"/>
						<line branch="false" hits="1" number="232"/>
						<line branch="false" hits="1" number="239"/>
						<line branch="false" hits="0" number="240"/>
						<line branch="false" hits="1" number="242"/>
						<line branch="false" hits="1" number="247"/>
						<line branch="false" hits="0" number="252"/>
						<line branch="false" hits="0" number="257"/>
						<line branch="false" hits="0" number="258"/>
						<line branch="false" hits="0" number="260"/>
						<line branch="false" hits="0" number="265"/>
						<line branch="false" hits="0" number="270"/>
						<line branch="false" hits="0" number="275"/>
						<line branch="false" hits="1" number="289"/>
						<line branch="false" hits="0" number="290"/>
						<line branch="false" hits="1" number="293"/>
						<line branch="false" hits="1" number="294"/>
						<line branch="false" hits="1" number="296"/>
						<line branch="false" hits="1" number="297"/>
						<line branch="false" hits="1" number="298"/>
						<line branch="false" hits="1" number="302"/>
						<line branch="false" hits="1" number="303"/>
						<line branch="false" hits="1" number="304"/>
						<line branch="false" hits="1" number="305"/>
						<line branch="false" hits="1" number="308"/>
						<line branch="false" hits="1" number="309"/>
						<line branch="false" hits="0" number="319"/>
						<line branch="false" hits="0" number="320"/>
						<line branch="false" hits="0" number="323"/>
						<line branch="false" hits="0" number="324"/>
						<line branch="false" hits="0" number="327"/>
						<line branch="false" hits="0" number="329"/>
						<line branch="false" hits="0" number="330"/>
						<line branch="false" hits="0" number="342"/>
						<line branch="false" hits="0" number="343"/>
						<line branch="false" hits="0" number="346"/>
						<line branch="false" hits="0" number="348"/>
						<line branch="false" hits="0" number="360"/>
						<line branch="false" hits="0" number="361"/>
						<line branch="false" hits="0" number="364"/>
						<line branch="false" hits="0" number="366"/>
						<line branch="false" hits="0" number="375"/>
						<line branch="false" hits="0" number="376"/>
						<line branch="false" hits="0" number="379"/>
						<line branch="false" hits="0" number="380"/>
						<line branch="false" hits="0" number="382"/>
						<line branch="false" hits="1" number="392"/>
						<line branch="false" hits="1" number="393"/>
						<line branch="false" hits="1" number="403"/>
						<line branch="false" hits="1" number="404"/>
						<line branch="false" hits="0" number="409"/>
						<line branch="false" hits="0" number="418"/>
						<line branch="false" hits="0" number="419"/>
						<line branch="false" hits="0" number="421"/>
						<line branch="false" hits="0" number="427"/>
						<line branch="false" hits="0" number="436"/>
						<line branch="false" hits="0" number="437"/>
						<line branch="false" hits="0" number="443"/>
						<line branch="false" hits="0" number="444"/>
						<line branch="false" hits="0" number="449"/>
						<line branch="false" hits="1" number="458"/>
						<line branch="false" hits="1" number="461"/>
						<line branch="false" hits="1" number="463"/>
						<line branch="false" hits="1" number="466"/>
						<line branch="false" hits="0" number="467"/>
						<line branch="false" hits="1" number="471"/>
						<line branch="false" hits="1" number="474"/>
						<line branch="false" hits="1" number="476"/>
						<line branch="false" hits="1" number="478"/>
						<line branch="false" hits="1" number="480"/>
						<line branch="false" hits="1" number="482"/>
						<line branch="false" hits="1" number="483"/>
						<line branch="false" hits="1" number="484"/>
						<line branch="false" hits="1" number="495"/>
						<line branch="false" hits="1" number="496"/>
						<line branch="false" hits="0" number="497"/>
						<line branch="false" hits="0" number="506"/>
						<line branch="false" hits="0" number="509"/>
						<line branch="false" hits="0" number="512"/>
						<line branch="false" hits="0" number="513"/>
						<line branch="false" hits="0" number="516"/>
						<line branch="false" hits="0" number="517"/>
						<line branch="false" hits="0" number="521"/>
						<line branch="false" hits="0" number="522"/>
						<line branch="false" hits="0" number="526"/>
						<line branch="false" hits="0" number="527"/>
						<line branch="false" hits="0" number="530"/>
						<line branch="false" hits="0" number="533"/>
						<line branch="false" hits="0" number="535"/>
						<line branch="false" hits="0" number="540"/>
						<line branch="false" hits="0" number="541"/>
						<line branch="false" hits="0" number="543"/>
						<line branch="false" hits="0" number="544"/>
						<line branch="false" hits="0" number="545"/>
						<line branch="false" hits="0" number="546"/>
						<line branch="false" hits="0" number="548"/>
						<line branch="false" hits="0" number="549"/>
						<line branch="false" hits="0" number="550"/>
						<line branch="false" hits="0" number="551"/>
						<line branch="false" hits="0" number="555"/>
						<line branch="false" hits="0" number="556"/>
						<line branch="false" hits="0" number="557"/>
						<line branch="false" hits="0" number="559"/>
						<line branch="false" hits="0" number="564"/>
						<line branch="false" hits="0" number="565"/>
						<line branch="false" hits="0" number="566"/>
						<line branch="false" hits="0" number="568"/>
						<line branch="false" hits="1" number="577"/>
						<line branch="false" hits="1" number="578"/>
						<line branch="false" hits="1" number="580"/>
						<line branch="false" hits="1" number="581"/>
						<line branch="false" hits="1" number="582"/>
						<line branch="false" hits="1" number="583"/>
						<line branch="false" hits="1" number="584"/>
						<line branch="false" hits="0" number="585"/>
						<line branch="false" hits="1" number="588"/>
						<line branch="false" hits="1" number="589"/>
						<line branch="false" hits="1" number="591"/>
						<line branch="false" hits="1" number="596"/>
						<line branch="false" hits="0" number="602"/>
						<line branch="false" hits="1" number="612"/>
						<line branch="false" hits="1" number="613"/>
						<line branch="false" hits="1" number="614"/>
						<line branch="false" hits="1" number="615"/>
						<line branch="false" hits="1" number="616"/>
						<line branch="false" hits="1" number="617"/>
						<line branch="false" hits="0" number="619"/>
						<line branch="false" hits="1" number="635"/>
						<line branch="false" hits="0" number="636"/>
						<line branch="false" hits="1" number="639"/>
						<line branch="false" hits="1" number="642"/>
						<line branch="false" hits="1" number="643"/>
						<line branch="false" hits="1" number="644"/>
						<line branch="false" hits="1" number="645"/>
						<line branch="false" hits="1" number="646"/>
						<line branch="false" hits="1" number="647"/>
						<line branch="false" hits="1" number="648"/>
						<line branch="false" hits="1" number="649"/>
						<line branch="false" hits="1" number="653"/>
						<line branch="false" hits="1" number="654"/>
						<line branch="false" hits="1" number="655"/>
						<line branch="false" hits="1" number="656"/>
						<line branch="false" hits="1" number="657"/>
						<line branch="false" hits="1" number="659"/>
						<line branch="false" hits="1" number="660"/>
						<line branch="false" hits="1" number="661"/>
						<line branch="false" hits="1" number="665"/>
						<line branch="false" hits="1" number="667"/>
						<line branch="false" hits="1" number="668"/>
						<line branch="false" hits="0" number="671"/>
						<line branch="false" hits="1" number="688"/>
						<line branch="false" hits="0" number="689"/>
						<line branch="false" hits="1" number="691"/>
						<line branch="false" hits="1" number="699"/>
						<line branch="false" hits="0" number="700"/>
						<line branch="false" hits="1" number="703"/>
						<line branch="false" hits="0" number="706"/>
						<line branch="false" hits="1" number="709"/>
						<line branch="false" hits="1" number="712"/>
						<line branch="false" hits="0" number="713"/>
						<line branch="false" hits="1" number="716"/>
						<line branch="false" hits="1" number="717"/>
						<line branch="false" hits="1" number="718"/>
						<line branch="false" hits="1" number="722"/>
						<line branch="false" hits="1" number="723"/>
						<line branch="false" hits="0" number="730"/>
						<line branch="false" hits="1" number="737"/>
						<line branch="false" hits="1" number="744"/>
						<line branch="false" hits="0" number="751"/>
					</lines>
				</class>
			</classes>
		</package>
	</packages>
</coverage>
